{"contracts/IWhiteList.sol":{"l":{},"path":"/mnt/e/OneDrive/Poolz/WhiteList/contracts/IWhiteList.sol","s":{},"b":{},"f":{},"fnMap":{},"statementMap":{},"branchMap":{}},"contracts/WhiteList.sol":{"l":{"6":3,"12":2,"16":2,"20":2,"21":2,"45":1,"46":1,"53":1,"54":1,"55":1,"56":1,"60":1,"61":1,"62":5,"67":1,"68":1,"74":6,"75":6,"79":5,"83":1,"91":0,"92":0,"96":0,"100":0,"101":0,"102":0},"path":"/mnt/e/OneDrive/Poolz/WhiteList/contracts/WhiteList.sol","s":{"1":3,"2":2,"3":2,"4":2,"5":1,"6":1,"7":1,"8":1,"9":1,"10":1,"11":1,"12":5,"13":1,"14":1,"15":6,"16":0,"17":6,"18":5,"19":1,"20":0,"21":0,"22":0,"23":0,"24":0,"25":0,"26":0},"b":{"1":[2,0],"2":[2,0],"3":[2,0],"4":[1,0],"5":[1,0],"6":[0,6],"7":[0,0],"8":[0,0],"9":[0,0],"10":[0,0]},"f":{"1":3,"2":2,"3":1,"4":1,"5":1,"6":6,"7":5,"8":1,"9":0},"fnMap":{"1":{"name":"constructor","line":5,"loc":{"start":{"line":5,"column":4},"end":{"line":7,"column":4}}},"2":{"name":"OnlyCreator","line":11,"loc":{"start":{"line":11,"column":4},"end":{"line":22,"column":4}}},"3":{"name":"CreateManualWhiteList","line":41,"loc":{"start":{"line":41,"column":4},"end":{"line":57,"column":4}}},"4":{"name":"AddAddress","line":59,"loc":{"start":{"line":59,"column":4},"end":{"line":64,"column":4}}},"5":{"name":"RemoveAddress","line":66,"loc":{"start":{"line":66,"column":4},"end":{"line":70,"column":4}}},"6":{"name":"check","line":73,"loc":{"start":{"line":73,"column":4},"end":{"line":76,"column":4}}},"7":{"name":"_AddAddress","line":78,"loc":{"start":{"line":78,"column":4},"end":{"line":80,"column":4}}},"8":{"name":"_RemoveAddress","line":82,"loc":{"start":{"line":82,"column":4},"end":{"line":84,"column":4}}},"9":{"name":"Register","line":86,"loc":{"start":{"line":86,"column":4},"end":{"line":103,"column":4}}}},"statementMap":{"1":{"start":{"line":6,"column":8},"end":{"line":6,"column":25}},"2":{"start":{"line":12,"column":8},"end":{"line":12,"column":312}},"3":{"start":{"line":16,"column":8},"end":{"line":16,"column":433}},"4":{"start":{"line":20,"column":8},"end":{"line":20,"column":48}},"5":{"start":{"line":45,"column":8},"end":{"line":45,"column":42}},"6":{"start":{"line":46,"column":8},"end":{"line":46,"column":1297}},"7":{"start":{"line":53,"column":8},"end":{"line":53,"column":37}},"8":{"start":{"line":55,"column":8},"end":{"line":55,"column":68}},"9":{"start":{"line":56,"column":8},"end":{"line":56,"column":19}},"10":{"start":{"line":60,"column":8},"end":{"line":60,"column":102}},"11":{"start":{"line":61,"column":8},"end":{"line":61,"column":1875}},"12":{"start":{"line":62,"column":12},"end":{"line":62,"column":58}},"13":{"start":{"line":67,"column":8},"end":{"line":67,"column":2103}},"14":{"start":{"line":68,"column":12},"end":{"line":68,"column":45}},"15":{"start":{"line":74,"column":8},"end":{"line":74,"column":40}},"16":{"start":{"line":74,"column":22},"end":{"line":74,"column":40}},"17":{"start":{"line":75,"column":8},"end":{"line":75,"column":38}},"18":{"start":{"line":79,"column":8},"end":{"line":79,"column":38}},"19":{"start":{"line":83,"column":8},"end":{"line":83,"column":33}},"20":{"start":{"line":91,"column":8},"end":{"line":91,"column":28}},"21":{"start":{"line":91,"column":22},"end":{"line":91,"column":28}},"22":{"start":{"line":92,"column":8},"end":{"line":92,"column":2828}},"23":{"start":{"line":96,"column":8},"end":{"line":96,"column":2961}},"24":{"start":{"line":100,"column":8},"end":{"line":100,"column":59}},"25":{"start":{"line":101,"column":8},"end":{"line":101,"column":40}},"26":{"start":{"line":102,"column":8},"end":{"line":102,"column":50}}},"branchMap":{"1":{"line":12,"type":"if","locations":[{"start":{"line":12,"column":8},"end":{"line":12,"column":8}},{"start":{"line":12,"column":8},"end":{"line":12,"column":8}}]},"2":{"line":16,"type":"if","locations":[{"start":{"line":16,"column":8},"end":{"line":16,"column":8}},{"start":{"line":16,"column":8},"end":{"line":16,"column":8}}]},"3":{"line":20,"type":"if","locations":[{"start":{"line":20,"column":8},"end":{"line":20,"column":8}},{"start":{"line":20,"column":8},"end":{"line":20,"column":8}}]},"4":{"line":45,"type":"if","locations":[{"start":{"line":45,"column":8},"end":{"line":45,"column":8}},{"start":{"line":45,"column":8},"end":{"line":45,"column":8}}]},"5":{"line":60,"type":"if","locations":[{"start":{"line":60,"column":8},"end":{"line":60,"column":8}},{"start":{"line":60,"column":8},"end":{"line":60,"column":8}}]},"6":{"line":74,"type":"if","locations":[{"start":{"line":74,"column":8},"end":{"line":74,"column":8}},{"start":{"line":74,"column":8},"end":{"line":74,"column":8}}]},"7":{"line":91,"type":"if","locations":[{"start":{"line":91,"column":8},"end":{"line":91,"column":8}},{"start":{"line":91,"column":8},"end":{"line":91,"column":8}}]},"8":{"line":92,"type":"if","locations":[{"start":{"line":92,"column":8},"end":{"line":92,"column":8}},{"start":{"line":92,"column":8},"end":{"line":92,"column":8}}]},"9":{"line":96,"type":"if","locations":[{"start":{"line":96,"column":8},"end":{"line":96,"column":8}},{"start":{"line":96,"column":8},"end":{"line":96,"column":8}}]},"10":{"line":102,"type":"if","locations":[{"start":{"line":102,"column":8},"end":{"line":102,"column":8}},{"start":{"line":102,"column":8},"end":{"line":102,"column":8}}]}}}}