{"contracts/IWhiteList.sol":{"l":{},"path":"/mnt/e/OneDrive/Poolz/WhiteList/contracts/IWhiteList.sol","s":{},"b":{},"f":{},"fnMap":{},"statementMap":{},"branchMap":{}},"contracts/WhiteList.sol":{"l":{"8":3,"17":1,"18":1,"25":1,"26":1,"27":1,"28":1,"32":3,"33":1,"34":5,"39":1,"40":2,"49":0,"50":0,"54":0,"58":0,"59":0,"60":0},"path":"/mnt/e/OneDrive/Poolz/WhiteList/contracts/WhiteList.sol","s":{"1":3,"2":1,"3":1,"4":1,"5":1,"6":1,"7":3,"8":1,"9":5,"10":1,"11":2,"12":0,"13":0,"14":0,"15":0,"16":0,"17":0,"18":0},"b":{"1":[1,0],"2":[1,2],"3":[0,0],"4":[0,0],"5":[0,0],"6":[0,0]},"f":{"1":3,"2":1,"3":3,"4":1,"5":0},"fnMap":{"1":{"name":"constructor","line":7,"loc":{"start":{"line":7,"column":4},"end":{"line":9,"column":4}}},"2":{"name":"CreateManualWhiteList","line":13,"loc":{"start":{"line":13,"column":4},"end":{"line":29,"column":4}}},"3":{"name":"AddAddress","line":31,"loc":{"start":{"line":31,"column":4},"end":{"line":36,"column":4}}},"4":{"name":"RemoveAddress","line":38,"loc":{"start":{"line":38,"column":4},"end":{"line":42,"column":4}}},"5":{"name":"Register","line":44,"loc":{"start":{"line":44,"column":4},"end":{"line":61,"column":4}}}},"statementMap":{"1":{"start":{"line":8,"column":8},"end":{"line":8,"column":25}},"2":{"start":{"line":17,"column":8},"end":{"line":17,"column":42}},"3":{"start":{"line":18,"column":8},"end":{"line":18,"column":435}},"4":{"start":{"line":25,"column":8},"end":{"line":25,"column":37}},"5":{"start":{"line":27,"column":8},"end":{"line":27,"column":68}},"6":{"start":{"line":28,"column":8},"end":{"line":28,"column":19}},"7":{"start":{"line":32,"column":8},"end":{"line":32,"column":102}},"8":{"start":{"line":33,"column":8},"end":{"line":33,"column":1013}},"9":{"start":{"line":34,"column":12},"end":{"line":34,"column":58}},"10":{"start":{"line":39,"column":8},"end":{"line":39,"column":1241}},"11":{"start":{"line":40,"column":12},"end":{"line":40,"column":45}},"12":{"start":{"line":49,"column":8},"end":{"line":49,"column":28}},"13":{"start":{"line":49,"column":22},"end":{"line":49,"column":28}},"14":{"start":{"line":50,"column":8},"end":{"line":50,"column":1517}},"15":{"start":{"line":54,"column":8},"end":{"line":54,"column":1650}},"16":{"start":{"line":58,"column":8},"end":{"line":58,"column":59}},"17":{"start":{"line":59,"column":8},"end":{"line":59,"column":40}},"18":{"start":{"line":60,"column":8},"end":{"line":60,"column":50}}},"branchMap":{"1":{"line":17,"type":"if","locations":[{"start":{"line":17,"column":8},"end":{"line":17,"column":8}},{"start":{"line":17,"column":8},"end":{"line":17,"column":8}}]},"2":{"line":32,"type":"if","locations":[{"start":{"line":32,"column":8},"end":{"line":32,"column":8}},{"start":{"line":32,"column":8},"end":{"line":32,"column":8}}]},"3":{"line":49,"type":"if","locations":[{"start":{"line":49,"column":8},"end":{"line":49,"column":8}},{"start":{"line":49,"column":8},"end":{"line":49,"column":8}}]},"4":{"line":50,"type":"if","locations":[{"start":{"line":50,"column":8},"end":{"line":50,"column":8}},{"start":{"line":50,"column":8},"end":{"line":50,"column":8}}]},"5":{"line":54,"type":"if","locations":[{"start":{"line":54,"column":8},"end":{"line":54,"column":8}},{"start":{"line":54,"column":8},"end":{"line":54,"column":8}}]},"6":{"line":60,"type":"if","locations":[{"start":{"line":60,"column":8},"end":{"line":60,"column":8}},{"start":{"line":60,"column":8},"end":{"line":60,"column":8}}]}}},"contracts/WhiteListHelper.sol":{"l":{"8":4,"12":4,"16":4,"17":4,"36":5,"40":2,"45":8,"46":7},"path":"/mnt/e/OneDrive/Poolz/WhiteList/contracts/WhiteListHelper.sol","s":{"1":4,"2":4,"3":4,"4":5,"5":2,"6":8,"7":1,"8":7},"b":{"1":[4,0],"2":[4,0],"3":[4,0],"4":[1,7]},"f":{"1":4,"2":5,"3":2,"4":8},"fnMap":{"1":{"name":"OnlyCreator","line":7,"loc":{"start":{"line":7,"column":4},"end":{"line":18,"column":4}}},"2":{"name":"_AddAddress","line":35,"loc":{"start":{"line":35,"column":4},"end":{"line":37,"column":4}}},"3":{"name":"_RemoveAddress","line":39,"loc":{"start":{"line":39,"column":4},"end":{"line":41,"column":4}}},"4":{"name":"check","line":44,"loc":{"start":{"line":44,"column":4},"end":{"line":47,"column":4}}}},"statementMap":{"1":{"start":{"line":8,"column":8},"end":{"line":8,"column":245}},"2":{"start":{"line":12,"column":8},"end":{"line":12,"column":366}},"3":{"start":{"line":16,"column":8},"end":{"line":16,"column":48}},"4":{"start":{"line":36,"column":8},"end":{"line":36,"column":38}},"5":{"start":{"line":40,"column":8},"end":{"line":40,"column":33}},"6":{"start":{"line":45,"column":8},"end":{"line":45,"column":40}},"7":{"start":{"line":45,"column":22},"end":{"line":45,"column":40}},"8":{"start":{"line":46,"column":8},"end":{"line":46,"column":38}}},"branchMap":{"1":{"line":8,"type":"if","locations":[{"start":{"line":8,"column":8},"end":{"line":8,"column":8}},{"start":{"line":8,"column":8},"end":{"line":8,"column":8}}]},"2":{"line":12,"type":"if","locations":[{"start":{"line":12,"column":8},"end":{"line":12,"column":8}},{"start":{"line":12,"column":8},"end":{"line":12,"column":8}}]},"3":{"line":16,"type":"if","locations":[{"start":{"line":16,"column":8},"end":{"line":16,"column":8}},{"start":{"line":16,"column":8},"end":{"line":16,"column":8}}]},"4":{"line":45,"type":"if","locations":[{"start":{"line":45,"column":8},"end":{"line":45,"column":8}},{"start":{"line":45,"column":8},"end":{"line":45,"column":8}}]}}}}